2016-02-02 13:31:18,087 [Worker-0] INFO  o.e.m.c.i.l.LifecycleMappingFactory - Using org.maven.ide.eclipse.wtp.WarLifecycleMapping lifecycle mapping for MavenProject: com.pluralsight:FitnessTracker:0.0.1-SNAPSHOT @ C:\Users\mhunter\FitnessTracker\FitnessTracker\pom.xml.
2016-02-02 13:31:18,361 [Worker-0] INFO  o.e.m.c.i.e.AbstractTransferListenerAdapter - Downloading https://repo.maven.apache.org/maven2/org/springframework/spring-webmvc/3.2.6.RELEASE/spring-webmvc-3.2.6.RELEASE.pom
2016-02-02 13:31:18,412 [Worker-0] INFO  o.e.m.c.i.e.AbstractTransferListenerAdapter - Downloaded https://repo.maven.apache.org/maven2/org/springframework/spring-webmvc/3.2.6.RELEASE/spring-webmvc-3.2.6.RELEASE.pom
2016-02-02 13:31:18,449 [Worker-0] INFO  o.e.m.c.i.e.AbstractTransferListenerAdapter - Downloading https://repo.maven.apache.org/maven2/org/springframework/spring-beans/3.2.6.RELEASE/spring-beans-3.2.6.RELEASE.pom
2016-02-02 13:31:18,484 [Worker-0] INFO  o.e.m.c.i.e.AbstractTransferListenerAdapter - Downloaded https://repo.maven.apache.org/maven2/org/springframework/spring-beans/3.2.6.RELEASE/spring-beans-3.2.6.RELEASE.pom
2016-02-02 13:31:18,518 [Worker-0] INFO  o.e.m.c.i.e.AbstractTransferListenerAdapter - Downloading https://repo.maven.apache.org/maven2/org/springframework/spring-core/3.2.6.RELEASE/spring-core-3.2.6.RELEASE.pom
2016-02-02 13:31:18,561 [Worker-0] INFO  o.e.m.c.i.e.AbstractTransferListenerAdapter - Downloaded https://repo.maven.apache.org/maven2/org/springframework/spring-core/3.2.6.RELEASE/spring-core-3.2.6.RELEASE.pom
2016-02-02 13:31:18,665 [Worker-0] INFO  o.e.m.c.i.e.AbstractTransferListenerAdapter - Downloading https://repo.maven.apache.org/maven2/org/springframework/spring-context/3.2.6.RELEASE/spring-context-3.2.6.RELEASE.pom
2016-02-02 13:31:18,707 [Worker-0] INFO  o.e.m.c.i.e.AbstractTransferListenerAdapter - Downloaded https://repo.maven.apache.org/maven2/org/springframework/spring-context/3.2.6.RELEASE/spring-context-3.2.6.RELEASE.pom
2016-02-02 13:31:18,743 [Worker-0] INFO  o.e.m.c.i.e.AbstractTransferListenerAdapter - Downloading https://repo.maven.apache.org/maven2/org/springframework/spring-aop/3.2.6.RELEASE/spring-aop-3.2.6.RELEASE.pom
2016-02-02 13:31:18,781 [Worker-0] INFO  o.e.m.c.i.e.AbstractTransferListenerAdapter - Downloaded https://repo.maven.apache.org/maven2/org/springframework/spring-aop/3.2.6.RELEASE/spring-aop-3.2.6.RELEASE.pom
2016-02-02 13:31:18,826 [Worker-0] INFO  o.e.m.c.i.e.AbstractTransferListenerAdapter - Downloading https://repo.maven.apache.org/maven2/org/springframework/spring-expression/3.2.6.RELEASE/spring-expression-3.2.6.RELEASE.pom
2016-02-02 13:31:18,859 [Worker-0] INFO  o.e.m.c.i.e.AbstractTransferListenerAdapter - Downloaded https://repo.maven.apache.org/maven2/org/springframework/spring-expression/3.2.6.RELEASE/spring-expression-3.2.6.RELEASE.pom
2016-02-02 13:31:18,899 [Worker-0] INFO  o.e.m.c.i.e.AbstractTransferListenerAdapter - Downloading https://repo.maven.apache.org/maven2/org/springframework/spring-web/3.2.6.RELEASE/spring-web-3.2.6.RELEASE.pom
2016-02-02 13:31:18,933 [Worker-0] INFO  o.e.m.c.i.e.AbstractTransferListenerAdapter - Downloaded https://repo.maven.apache.org/maven2/org/springframework/spring-web/3.2.6.RELEASE/spring-web-3.2.6.RELEASE.pom
2016-02-02 13:31:18,997 [Worker-0] INFO  o.e.m.c.i.e.AbstractTransferListenerAdapter - Downloading https://repo.maven.apache.org/maven2/org/hibernate/hibernate-validator/4.2.0.Final/hibernate-validator-4.2.0.Final.pom
2016-02-02 13:31:19,045 [Worker-0] INFO  o.e.m.c.i.e.AbstractTransferListenerAdapter - Downloaded https://repo.maven.apache.org/maven2/org/hibernate/hibernate-validator/4.2.0.Final/hibernate-validator-4.2.0.Final.pom
2016-02-02 13:31:19,082 [Worker-0] INFO  o.e.m.c.i.e.AbstractTransferListenerAdapter - Downloading https://repo.maven.apache.org/maven2/org/hibernate/hibernate-validator-parent/4.2.0.Final/hibernate-validator-parent-4.2.0.Final.pom
2016-02-02 13:31:19,132 [Worker-0] INFO  o.e.m.c.i.e.AbstractTransferListenerAdapter - Downloaded https://repo.maven.apache.org/maven2/org/hibernate/hibernate-validator-parent/4.2.0.Final/hibernate-validator-parent-4.2.0.Final.pom
2016-02-02 13:31:19,191 [Worker-0] INFO  o.e.m.c.i.e.AbstractTransferListenerAdapter - Downloading https://repo.maven.apache.org/maven2/org/slf4j/slf4j-api/1.6.1/slf4j-api-1.6.1.pom
2016-02-02 13:31:19,226 [Worker-0] INFO  o.e.m.c.i.e.AbstractTransferListenerAdapter - Downloaded https://repo.maven.apache.org/maven2/org/slf4j/slf4j-api/1.6.1/slf4j-api-1.6.1.pom
2016-02-02 13:31:19,259 [Worker-0] INFO  o.e.m.c.i.e.AbstractTransferListenerAdapter - Downloading https://repo.maven.apache.org/maven2/org/slf4j/slf4j-parent/1.6.1/slf4j-parent-1.6.1.pom
2016-02-02 13:31:19,288 [Worker-0] INFO  o.e.m.c.i.e.AbstractTransferListenerAdapter - Downloaded https://repo.maven.apache.org/maven2/org/slf4j/slf4j-parent/1.6.1/slf4j-parent-1.6.1.pom
2016-02-02 13:31:19,327 [Worker-0] INFO  o.e.m.c.i.e.AbstractTransferListenerAdapter - Downloading https://repo.maven.apache.org/maven2/org/codehaus/jackson/jackson-mapper-asl/1.4.1/jackson-mapper-asl-1.4.1.pom
2016-02-02 13:31:19,362 [Worker-0] INFO  o.e.m.c.i.e.AbstractTransferListenerAdapter - Downloaded https://repo.maven.apache.org/maven2/org/codehaus/jackson/jackson-mapper-asl/1.4.1/jackson-mapper-asl-1.4.1.pom
2016-02-02 13:31:19,404 [Worker-0] INFO  o.e.m.c.i.e.AbstractTransferListenerAdapter - Downloading https://repo.maven.apache.org/maven2/org/codehaus/jackson/jackson-core-asl/1.4.1/jackson-core-asl-1.4.1.pom
2016-02-02 13:31:19,436 [Worker-0] INFO  o.e.m.c.i.e.AbstractTransferListenerAdapter - Downloaded https://repo.maven.apache.org/maven2/org/codehaus/jackson/jackson-core-asl/1.4.1/jackson-core-asl-1.4.1.pom
2016-02-02 13:31:19,519 [Worker-0] INFO  o.e.m.c.i.e.AbstractTransferListenerAdapter - Downloading https://repo.maven.apache.org/maven2/org/springframework/spring-oxm/3.2.6.RELEASE/spring-oxm-3.2.6.RELEASE.pom
2016-02-02 13:31:19,565 [Worker-0] INFO  o.e.m.c.i.e.AbstractTransferListenerAdapter - Downloaded https://repo.maven.apache.org/maven2/org/springframework/spring-oxm/3.2.6.RELEASE/spring-oxm-3.2.6.RELEASE.pom
2016-02-02 13:31:19,635 [Worker-0] INFO  o.e.m.c.i.e.AbstractTransferListenerAdapter - Downloading https://repo.maven.apache.org/maven2/org/springframework/spring-webmvc/3.2.6.RELEASE/spring-webmvc-3.2.6.RELEASE.jar
2016-02-02 13:31:19,827 [Worker-0] INFO  o.e.m.c.i.e.AbstractTransferListenerAdapter - Downloaded https://repo.maven.apache.org/maven2/org/springframework/spring-webmvc/3.2.6.RELEASE/spring-webmvc-3.2.6.RELEASE.jar
2016-02-02 13:31:19,856 [Worker-0] INFO  o.e.m.c.i.e.AbstractTransferListenerAdapter - Downloading https://repo.maven.apache.org/maven2/org/springframework/spring-beans/3.2.6.RELEASE/spring-beans-3.2.6.RELEASE.jar
2016-02-02 13:31:20,006 [Worker-0] INFO  o.e.m.c.i.e.AbstractTransferListenerAdapter - Downloaded https://repo.maven.apache.org/maven2/org/springframework/spring-beans/3.2.6.RELEASE/spring-beans-3.2.6.RELEASE.jar
2016-02-02 13:31:20,039 [Worker-0] INFO  o.e.m.c.i.e.AbstractTransferListenerAdapter - Downloading https://repo.maven.apache.org/maven2/org/springframework/spring-context/3.2.6.RELEASE/spring-context-3.2.6.RELEASE.jar
2016-02-02 13:31:20,277 [Worker-0] INFO  o.e.m.c.i.e.AbstractTransferListenerAdapter - Downloaded https://repo.maven.apache.org/maven2/org/springframework/spring-context/3.2.6.RELEASE/spring-context-3.2.6.RELEASE.jar
2016-02-02 13:31:20,312 [Worker-0] INFO  o.e.m.c.i.e.AbstractTransferListenerAdapter - Downloading https://repo.maven.apache.org/maven2/org/springframework/spring-aop/3.2.6.RELEASE/spring-aop-3.2.6.RELEASE.jar
2016-02-02 13:31:20,432 [Worker-0] INFO  o.e.m.c.i.e.AbstractTransferListenerAdapter - Downloaded https://repo.maven.apache.org/maven2/org/springframework/spring-aop/3.2.6.RELEASE/spring-aop-3.2.6.RELEASE.jar
2016-02-02 13:31:20,461 [Worker-0] INFO  o.e.m.c.i.e.AbstractTransferListenerAdapter - Downloading https://repo.maven.apache.org/maven2/org/springframework/spring-core/3.2.6.RELEASE/spring-core-3.2.6.RELEASE.jar
2016-02-02 13:31:20,735 [Worker-0] INFO  o.e.m.c.i.e.AbstractTransferListenerAdapter - Downloaded https://repo.maven.apache.org/maven2/org/springframework/spring-core/3.2.6.RELEASE/spring-core-3.2.6.RELEASE.jar
2016-02-02 13:31:20,760 [Worker-0] INFO  o.e.m.c.i.e.AbstractTransferListenerAdapter - Downloading https://repo.maven.apache.org/maven2/org/springframework/spring-expression/3.2.6.RELEASE/spring-expression-3.2.6.RELEASE.jar
2016-02-02 13:31:20,845 [Worker-0] INFO  o.e.m.c.i.e.AbstractTransferListenerAdapter - Downloaded https://repo.maven.apache.org/maven2/org/springframework/spring-expression/3.2.6.RELEASE/spring-expression-3.2.6.RELEASE.jar
2016-02-02 13:31:20,875 [Worker-0] INFO  o.e.m.c.i.e.AbstractTransferListenerAdapter - Downloading https://repo.maven.apache.org/maven2/org/springframework/spring-web/3.2.6.RELEASE/spring-web-3.2.6.RELEASE.jar
2016-02-02 13:31:21,074 [Worker-0] INFO  o.e.m.c.i.e.AbstractTransferListenerAdapter - Downloaded https://repo.maven.apache.org/maven2/org/springframework/spring-web/3.2.6.RELEASE/spring-web-3.2.6.RELEASE.jar
2016-02-02 13:31:21,107 [Worker-0] INFO  o.e.m.c.i.e.AbstractTransferListenerAdapter - Downloading https://repo.maven.apache.org/maven2/org/hibernate/hibernate-validator/4.2.0.Final/hibernate-validator-4.2.0.Final.jar
2016-02-02 13:31:21,241 [Worker-0] INFO  o.e.m.c.i.e.AbstractTransferListenerAdapter - Downloaded https://repo.maven.apache.org/maven2/org/hibernate/hibernate-validator/4.2.0.Final/hibernate-validator-4.2.0.Final.jar
2016-02-02 13:31:21,261 [Worker-0] INFO  o.e.m.c.i.e.AbstractTransferListenerAdapter - Downloading https://repo.maven.apache.org/maven2/org/slf4j/slf4j-api/1.6.1/slf4j-api-1.6.1.jar
2016-02-02 13:31:21,296 [Worker-0] INFO  o.e.m.c.i.e.AbstractTransferListenerAdapter - Downloaded https://repo.maven.apache.org/maven2/org/slf4j/slf4j-api/1.6.1/slf4j-api-1.6.1.jar
2016-02-02 13:31:21,325 [Worker-0] INFO  o.e.m.c.i.e.AbstractTransferListenerAdapter - Downloading https://repo.maven.apache.org/maven2/org/codehaus/jackson/jackson-mapper-asl/1.4.1/jackson-mapper-asl-1.4.1.jar
2016-02-02 13:31:21,450 [Worker-0] INFO  o.e.m.c.i.e.AbstractTransferListenerAdapter - Downloaded https://repo.maven.apache.org/maven2/org/codehaus/jackson/jackson-mapper-asl/1.4.1/jackson-mapper-asl-1.4.1.jar
2016-02-02 13:31:21,474 [Worker-0] INFO  o.e.m.c.i.e.AbstractTransferListenerAdapter - Downloading https://repo.maven.apache.org/maven2/org/codehaus/jackson/jackson-core-asl/1.4.1/jackson-core-asl-1.4.1.jar
2016-02-02 13:31:21,535 [Worker-0] INFO  o.e.m.c.i.e.AbstractTransferListenerAdapter - Downloaded https://repo.maven.apache.org/maven2/org/codehaus/jackson/jackson-core-asl/1.4.1/jackson-core-asl-1.4.1.jar
2016-02-02 13:31:21,559 [Worker-0] INFO  o.e.m.c.i.e.AbstractTransferListenerAdapter - Downloading https://repo.maven.apache.org/maven2/org/springframework/spring-oxm/3.2.6.RELEASE/spring-oxm-3.2.6.RELEASE.jar
2016-02-02 13:31:21,595 [Worker-0] INFO  o.e.m.c.i.e.AbstractTransferListenerAdapter - Downloaded https://repo.maven.apache.org/maven2/org/springframework/spring-oxm/3.2.6.RELEASE/spring-oxm-3.2.6.RELEASE.jar
2016-02-02 13:31:24,950 [Worker-0] INFO  o.e.m.j.i.AbstractJavaProjectConfigurator - Adding source folder /FitnessTracker/src/main/java
2016-02-02 13:31:24,951 [Worker-0] INFO  o.e.m.j.i.AbstractJavaProjectConfigurator - Adding resource folder /FitnessTracker/src/main/resources
2016-02-02 13:31:24,951 [Worker-0] INFO  o.e.m.j.i.AbstractJavaProjectConfigurator - Adding source folder /FitnessTracker/src/test/java
2016-02-02 13:31:29,342 [Worker-0] INFO  o.e.m.c.i.p.ProjectConfigurationManager - Imported and configured 1 project(s) in 13 sec
2016-02-02 13:31:38,232 [Worker-9] WARN  o.e.m.c.i.embedder.EclipseLogger - Using platform encoding (Cp1252 actually) to copy filtered resources, i.e. build is platform dependent!
2016-02-02 13:31:38,249 [Worker-9] INFO  o.e.m.c.i.embedder.EclipseLogger - Copying 2 resources
2016-02-02 13:31:38,317 [Worker-9] WARN  o.e.m.c.i.embedder.EclipseLogger - Using platform encoding (Cp1252 actually) to copy filtered resources, i.e. build is platform dependent!
2016-02-02 13:31:38,329 [Worker-9] INFO  o.e.m.c.i.embedder.EclipseLogger - skip non existing resourceDirectory C:\Users\mhunter\FitnessTracker\FitnessTracker\src\test\resources
2016-02-02 13:32:31,443 [Start Help Server] INFO  org.eclipse.jetty.util.log - Logging initialized @184485ms
2016-02-02 13:32:31,518 [Start Help Server] INFO  org.eclipse.jetty.server.Server - jetty-9.2.13.v20150730
2016-02-02 13:32:31,553 [Start Help Server] INFO  o.e.j.server.handler.ContextHandler - Started o.e.j.s.ServletContextHandler@4d58b743{/help,null,AVAILABLE}
2016-02-02 13:32:31,573 [Start Help Server] INFO  o.e.jetty.server.ServerConnector - Started ServerConnector@45177460{HTTP/1.1}{127.0.0.1:57270}
2016-02-02 13:32:31,577 [Start Help Server] INFO  org.eclipse.jetty.server.Server - Started @184620ms
2016-02-02 13:37:35,920 [Worker-18] ERROR o.e.m.c.i.URLConnectionCaches - Unexpected URLConnection defaultUseCaches enabled
2016-02-02 13:37:35,943 [Worker-18] WARN  o.e.m.c.i.embedder.EclipseLogger - Using platform encoding (Cp1252 actually) to copy filtered resources, i.e. build is platform dependent!
2016-02-02 13:37:35,977 [Worker-18] INFO  o.e.m.c.i.embedder.EclipseLogger - Copying 0 resource
2016-02-02 13:37:35,981 [Worker-18] WARN  o.e.m.c.i.embedder.EclipseLogger - Using platform encoding (Cp1252 actually) to copy filtered resources, i.e. build is platform dependent!
2016-02-02 13:37:35,998 [Worker-18] INFO  o.e.m.c.i.embedder.EclipseLogger - skip non existing resourceDirectory C:\Users\mhunter\FitnessTracker\FitnessTracker\src\test\resources
2016-02-02 14:03:23,291 [Stop Help Server] INFO  o.e.jetty.server.ServerConnector - Stopped ServerConnector@45177460{HTTP/1.1}{127.0.0.1:0}
2016-02-02 14:03:23,316 [Stop Help Server] INFO  o.e.j.server.handler.ContextHandler - Stopped o.e.j.s.ServletContextHandler@4d58b743{/help,null,UNAVAILABLE}
